c:\openglproject\opengltutorial xxx\opengltutorial\x64\debug\vc143.pdb
c:\openglproject\opengltutorial xxx\opengltutorial\x64\debug\vc143.idb
c:\openglproject\opengltutorial xxx\opengltutorial\x64\debug\shader.obj
c:\openglproject\opengltutorial xxx\opengltutorial\x64\debug\main.obj
c:\openglproject\opengltutorial xxx\opengltutorial\x64\debug\screen.obj
c:\openglproject\opengltutorial xxx\opengltutorial\x64\debug\mouse.obj
c:\openglproject\opengltutorial xxx\opengltutorial\x64\debug\keyboard.obj
c:\openglproject\opengltutorial xxx\opengltutorial\x64\debug\joystick.obj
c:\openglproject\opengltutorial xxx\opengltutorial\x64\debug\camera.obj
c:\openglproject\opengltutorial xxx\opengltutorial\x64\debug\texture.obj
c:\openglproject\opengltutorial xxx\opengltutorial\x64\debug\model.obj
c:\openglproject\opengltutorial xxx\opengltutorial\x64\debug\mesh.obj
c:\openglproject\opengltutorial xxx\opengltutorial\x64\debug\material.obj
c:\openglproject\opengltutorial xxx\opengltutorial\x64\debug\light.obj
c:\openglproject\opengltutorial xxx\opengltutorial\x64\debug\stb.obj
c:\openglproject\opengltutorial xxx\opengltutorial\x64\debug\glad.obj
c:\openglproject\opengltutorial xxx\opengltutorial\x64\debug\openglproject.ilk
c:\openglproject\opengltutorial xxx\x64\debug\openglproject.exe
c:\openglproject\opengltutorial xxx\x64\debug\openglproject.pdb
c:\openglproject\opengltutorial xxx\opengltutorial\x64\debug\openglproject.tlog\cl.command.1.tlog
c:\openglproject\opengltutorial xxx\opengltutorial\x64\debug\openglproject.tlog\cl.read.1.tlog
c:\openglproject\opengltutorial xxx\opengltutorial\x64\debug\openglproject.tlog\cl.write.1.tlog
c:\openglproject\opengltutorial xxx\opengltutorial\x64\debug\openglproject.tlog\link.command.1.tlog
c:\openglproject\opengltutorial xxx\opengltutorial\x64\debug\openglproject.tlog\link.read.1.tlog
c:\openglproject\opengltutorial xxx\opengltutorial\x64\debug\openglproject.tlog\link.write.1.tlog
